  StartSpeechGame.cpp
E:\VSC_FLIES\C_Flies\C_Code\NoobLatinme\SpeechMatchManage\StartSpeechGame.cpp(174,21): warning C4018: “<”: 有符号/无符号不匹配
E:\Vis\VC\Tools\MSVC\14.26.28801\include\numeric(35,26): warning C4244: “=”: 从“double”转换到“_Ty”，可能丢失数据
          with
          [
              _Ty=float
          ]
E:\Vis\VC\Tools\MSVC\14.26.28801\include\numeric(44): message : 查看对正在编译的函数 模板 实例化“_Ty std::accumulate<_InIt,_Ty,std::plus<void>>(const _InIt,const _InIt,_Ty,_Fn)”的引用
          with
          [
              _Ty=float,
              _InIt=std::_Deque_iterator<std::_Deque_val<std::_Deque_simple_types<double>>>,
              _Fn=std::plus<void>
          ]
E:\VSC_FLIES\C_Flies\C_Code\NoobLatinme\SpeechMatchManage\StartSpeechGame.cpp(105): message : 查看对正在编译的函数 模板 实例化“_Ty std::accumulate<std::_Deque_iterator<std::_Deque_val<std::_Deque_simple_types<double>>>,float>(const _InIt,const _InIt,_Ty)”的引用
          with
          [
              _Ty=float,
              _InIt=std::_Deque_iterator<std::_Deque_val<std::_Deque_simple_types<double>>>
          ]
  SpeechMatchManage.vcxproj -> E:\VSC_FLIES\C_Flies\C_Code\NoobLatinme\SpeechMatchManage\Debug\SpeechMatchManage.exe
